{"/home/jcebalus/Documentos/Proyectos/Pruebas/fizzbuzz/fizzbuzz.js": {"path":"/home/jcebalus/Documentos/Proyectos/Pruebas/fizzbuzz/fizzbuzz.js","all":false,"statementMap":{"0":{"start":{"line":1,"column":0},"end":{"line":1,"column":23}},"1":{"start":{"line":2,"column":0},"end":{"line":2,"column":0}},"2":{"start":{"line":3,"column":0},"end":{"line":3,"column":27}},"3":{"start":{"line":4,"column":0},"end":{"line":4,"column":0}},"4":{"start":{"line":5,"column":0},"end":{"line":5,"column":58}},"5":{"start":{"line":6,"column":0},"end":{"line":6,"column":0}},"6":{"start":{"line":7,"column":0},"end":{"line":7,"column":31}},"7":{"start":{"line":8,"column":0},"end":{"line":8,"column":51}},"8":{"start":{"line":9,"column":0},"end":{"line":9,"column":0}},"9":{"start":{"line":10,"column":0},"end":{"line":10,"column":3}},"10":{"start":{"line":11,"column":0},"end":{"line":11,"column":0}},"11":{"start":{"line":12,"column":0},"end":{"line":12,"column":17}},"12":{"start":{"line":13,"column":0},"end":{"line":13,"column":15}},"13":{"start":{"line":14,"column":0},"end":{"line":14,"column":3}},"14":{"start":{"line":15,"column":0},"end":{"line":15,"column":0}},"15":{"start":{"line":16,"column":0},"end":{"line":16,"column":43}},"16":{"start":{"line":17,"column":0},"end":{"line":17,"column":22}},"17":{"start":{"line":18,"column":0},"end":{"line":18,"column":3}},"18":{"start":{"line":19,"column":0},"end":{"line":19,"column":0}},"19":{"start":{"line":20,"column":0},"end":{"line":20,"column":24}},"20":{"start":{"line":21,"column":0},"end":{"line":21,"column":17}},"21":{"start":{"line":22,"column":0},"end":{"line":22,"column":3}},"22":{"start":{"line":23,"column":0},"end":{"line":23,"column":0}},"23":{"start":{"line":24,"column":0},"end":{"line":24,"column":24}},"24":{"start":{"line":25,"column":0},"end":{"line":25,"column":18}},"25":{"start":{"line":26,"column":0},"end":{"line":26,"column":3}},"26":{"start":{"line":27,"column":0},"end":{"line":27,"column":0}},"27":{"start":{"line":28,"column":0},"end":{"line":28,"column":13}},"28":{"start":{"line":29,"column":0},"end":{"line":29,"column":1}},"29":{"start":{"line":30,"column":0},"end":{"line":30,"column":0}},"30":{"start":{"line":31,"column":0},"end":{"line":31,"column":24}},"31":{"start":{"line":32,"column":0},"end":{"line":32,"column":33}},"32":{"start":{"line":33,"column":0},"end":{"line":33,"column":39}},"33":{"start":{"line":34,"column":0},"end":{"line":34,"column":3}},"34":{"start":{"line":35,"column":0},"end":{"line":35,"column":1}},"35":{"start":{"line":36,"column":0},"end":{"line":36,"column":0}},"36":{"start":{"line":37,"column":0},"end":{"line":37,"column":10}},"37":{"start":{"line":38,"column":0},"end":{"line":38,"column":0}},"38":{"start":{"line":39,"column":0},"end":{"line":39,"column":26}}},"s":{"0":1,"1":1,"2":1,"3":23,"4":23,"5":23,"6":23,"7":1,"8":1,"9":1,"10":22,"11":23,"12":1,"13":1,"14":21,"15":23,"16":2,"17":2,"18":19,"19":23,"20":6,"21":6,"22":13,"23":23,"24":4,"25":4,"26":9,"27":9,"28":9,"29":1,"30":1,"31":1,"32":16,"33":16,"34":1,"35":1,"36":1,"37":1,"38":1},"branchMap":{"0":{"type":"branch","line":3,"loc":{"start":{"line":3,"column":18},"end":{"line":29,"column":1}},"locations":[{"start":{"line":3,"column":18},"end":{"line":29,"column":1}}]},"1":{"type":"branch","line":7,"loc":{"start":{"line":7,"column":30},"end":{"line":10,"column":3}},"locations":[{"start":{"line":7,"column":30},"end":{"line":10,"column":3}}]},"2":{"type":"branch","line":11,"loc":{"start":{"line":11,"column":-1},"end":{"line":12,"column":5}},"locations":[{"start":{"line":11,"column":-1},"end":{"line":12,"column":5}}]},"3":{"type":"branch","line":12,"loc":{"start":{"line":12,"column":16},"end":{"line":14,"column":3}},"locations":[{"start":{"line":12,"column":16},"end":{"line":14,"column":3}}]},"4":{"type":"branch","line":15,"loc":{"start":{"line":15,"column":-1},"end":{"line":16,"column":14}},"locations":[{"start":{"line":15,"column":-1},"end":{"line":16,"column":14}}]},"5":{"type":"branch","line":16,"loc":{"start":{"line":16,"column":5},"end":{"line":16,"column":35}},"locations":[{"start":{"line":16,"column":5},"end":{"line":16,"column":35}}]},"6":{"type":"branch","line":16,"loc":{"start":{"line":16,"column":42},"end":{"line":18,"column":3}},"locations":[{"start":{"line":16,"column":42},"end":{"line":18,"column":3}}]},"7":{"type":"branch","line":19,"loc":{"start":{"line":19,"column":-1},"end":{"line":20,"column":5}},"locations":[{"start":{"line":19,"column":-1},"end":{"line":20,"column":5}}]},"8":{"type":"branch","line":20,"loc":{"start":{"line":20,"column":23},"end":{"line":22,"column":3}},"locations":[{"start":{"line":20,"column":23},"end":{"line":22,"column":3}}]},"9":{"type":"branch","line":23,"loc":{"start":{"line":23,"column":-1},"end":{"line":24,"column":5}},"locations":[{"start":{"line":23,"column":-1},"end":{"line":24,"column":5}}]},"10":{"type":"branch","line":24,"loc":{"start":{"line":24,"column":23},"end":{"line":26,"column":3}},"locations":[{"start":{"line":24,"column":23},"end":{"line":26,"column":3}}]},"11":{"type":"branch","line":27,"loc":{"start":{"line":27,"column":-1},"end":{"line":29,"column":1}},"locations":[{"start":{"line":27,"column":-1},"end":{"line":29,"column":1}}]},"12":{"type":"branch","line":5,"loc":{"start":{"line":5,"column":20},"end":{"line":5,"column":58}},"locations":[{"start":{"line":5,"column":20},"end":{"line":5,"column":58}}]},"13":{"type":"branch","line":31,"loc":{"start":{"line":31,"column":15},"end":{"line":35,"column":1}},"locations":[{"start":{"line":31,"column":15},"end":{"line":35,"column":1}}]},"14":{"type":"branch","line":32,"loc":{"start":{"line":32,"column":32},"end":{"line":34,"column":3}},"locations":[{"start":{"line":32,"column":32},"end":{"line":34,"column":3}}]}},"b":{"0":[23],"1":[1],"2":[22],"3":[1],"4":[21],"5":[8],"6":[2],"7":[19],"8":[6],"9":[13],"10":[4],"11":[9],"12":[61],"13":[1],"14":[16]},"fnMap":{"0":{"name":"fizzbuzz","decl":{"start":{"line":3,"column":18},"end":{"line":29,"column":1}},"loc":{"start":{"line":3,"column":18},"end":{"line":29,"column":1}},"line":3},"1":{"name":"divisible","decl":{"start":{"line":5,"column":20},"end":{"line":5,"column":58}},"loc":{"start":{"line":5,"column":20},"end":{"line":5,"column":58}},"line":5},"2":{"name":"print","decl":{"start":{"line":31,"column":15},"end":{"line":35,"column":1}},"loc":{"start":{"line":31,"column":15},"end":{"line":35,"column":1}},"line":31}},"f":{"0":23,"1":61,"2":1}}
}
