TN:
SF:fizzbuzz.js
FN:3,fizzbuzz
FN:5,divisible
FN:31,print
FNF:3
FNH:3
FNDA:23,fizzbuzz
FNDA:61,divisible
FNDA:1,print
DA:1,1
DA:2,1
DA:3,1
DA:4,23
DA:5,23
DA:6,23
DA:7,23
DA:8,1
DA:9,1
DA:10,1
DA:11,22
DA:12,23
DA:13,1
DA:14,1
DA:15,21
DA:16,23
DA:17,2
DA:18,2
DA:19,19
DA:20,23
DA:21,6
DA:22,6
DA:23,13
DA:24,23
DA:25,4
DA:26,4
DA:27,9
DA:28,9
DA:29,9
DA:30,1
DA:31,1
DA:32,1
DA:33,16
DA:34,16
DA:35,1
DA:36,1
DA:37,1
DA:38,1
DA:39,1
LF:39
LH:39
BRDA:3,0,0,23
BRDA:7,1,0,1
BRDA:11,2,0,22
BRDA:12,3,0,1
BRDA:15,4,0,21
BRDA:16,5,0,8
BRDA:16,6,0,2
BRDA:19,7,0,19
BRDA:20,8,0,6
BRDA:23,9,0,13
BRDA:24,10,0,4
BRDA:27,11,0,9
BRDA:5,12,0,61
BRDA:31,13,0,1
BRDA:32,14,0,16
BRF:15
BRH:15
end_of_record
